#
# A fatal error has been detected by the Java Runtime Environment:
#
#  EXCEPTION_ACCESS_VIOLATION (0xc0000005) at pc=0x0000000057aa5ab8, pid=2352, tid=0x00000000000014e4
#
# JRE version: OpenJDK Runtime Environment (8.0_242-b01) (build 1.8.0_242-release-1644-b01)
# Java VM: OpenJDK 64-Bit Server VM (25.242-b01 mixed mode windows-amd64 compressed oops)
# Problematic frame:
# V  [jvm.dll+0x115ab8]
#
# Failed to write core dump. Minidumps are not enabled by default on client versions of Windows
#
# If you would like to submit a bug report, please visit:
#   
#

---------------  T H R E A D  ---------------

Current thread (0x0000000002e5a000):  GCTaskThread [stack: 0x0000000012bc0000,0x0000000012cc0000] [id=5348]

siginfo: ExceptionCode=0xc0000005, reading address 0xffffffffffffffff

Registers:
RAX=0x0000000012dc0000, RBX=0x0000000000001aef, RCX=0x0000000000000000, RDX=0x0000000000000000
RSP=0x0000000012cbf390, RBP=0x0000000002f2b190, RSI=0x0000000082372fec, RDI=0x0000000002000000
R8 =0x007fffffffc10000, R9 =0x0000000002f2b190, R10=0x0000000000001aef, R11=0x0000000082372ff0
R12=0x0000000082372ff0, R13=0x0000000000000010, R14=0x0000000082372fa0, R15=0x0000000000000010
RIP=0x0000000057aa5ab8, EFLAGS=0x0000000000010246

Top of Stack: (sp=0x0000000012cbf390)
0x0000000012cbf390:   000000001833e7b8 0000000057a7f9d6
0x0000000012cbf3a0:   0000000082372fa0 0000000082372f88
0x0000000012cbf3b0:   0000000002f2b190 0000000057aa5bd3
0x0000000012cbf3c0:   0000000000000000 00000000000003d8
0x0000000012cbf3d0:   0000000002e5ad18 0000000017a354a0
0x0000000012cbf3e0:   0000000000001aef 0000000057d59af0
0x0000000012cbf3f0:   0000000002f2b190 0000000002e51770
0x0000000012cbf400:   0000000002e5a940 0000000002e5a940
0x0000000012cbf410:   0000000000000000 0000000000000c00
0x0000000012cbf420:   0000000000000000 0000000000000000
0x0000000012cbf430:   0000000000000000 000000001e5cc000
0x0000000012cbf440:   0000000000000001 0000141300003501
0x0000000012cbf450:   00002ca26c2d20c2 0000000002e5ad18
0x0000000012cbf460:   0000000002e5a940 00000000000003d8
0x0000000012cbf470:   0000000002e5a940 0000000002e51770
0x0000000012cbf480:   0000000002e5a930 0000000017a354a0 

Instructions: (pc=0x0000000057aa5ab8)
0x0000000057aa5a98:   05 93 95 6b 00 49 c1 e8 03 49 d3 e8 41 0f b6 c0
0x0000000057aa5aa8:   49 c1 e8 06 24 3f 0f b6 d0 48 8b 05 a8 95 6b 00
0x0000000057aa5ab8:   4a 8b 0c c0 48 0f a3 d1 72 3e 48 8b cf e8 36 1d
0x0000000057aa5ac8:   fd ff 84 c0 74 32 48 8b d7 48 8b cd e8 f7 dd fc 


Register to memory mapping:

RAX=0x0000000012dc0000 is an unknown value
RBX=0x0000000000001aef is an unknown value
RCX=0x0000000000000000 is an unknown value
RDX=0x0000000000000000 is an unknown value
RSP=0x0000000012cbf390 is an unknown value
RBP=0x0000000002f2b190 is an unknown value
RSI=0x0000000082372fec is pointing into object: 0x0000000082372fa0
[Ljava.util.concurrent.ConcurrentHashMap$Node; 
 - klass: 'java/util/concurrent/ConcurrentHashMap$Node'[]
 - length: 16
RDI=0x0000000002000000 is an unknown value
R8 =0x007fffffffc10000 is an unknown value
R9 =0x0000000002f2b190 is an unknown value
R10=0x0000000000001aef is an unknown value
R11=0x0000000082372ff0 is an oop
java.util.concurrent.ConcurrentHashMap$Node 
 - klass: 'java/util/concurrent/ConcurrentHashMap$Node'
R12=0x0000000082372ff0 is an oop
java.util.concurrent.ConcurrentHashMap$Node 
 - klass: 'java/util/concurrent/ConcurrentHashMap$Node'
R13=0x0000000000000010 is an unknown value
R14=0x0000000082372fa0 is an oop
[Ljava.util.concurrent.ConcurrentHashMap$Node; 
 - klass: 'java/util/concurrent/ConcurrentHashMap$Node'[]
 - length: 16
R15=0x0000000000000010 is an unknown value


Stack: [0x0000000012bc0000,0x0000000012cc0000],  sp=0x0000000012cbf390,  free space=1020k
Native frames: (J=compiled Java code, j=interpreted, Vv=VM code, C=native code)
V  [jvm.dll+0x115ab8]
V  [jvm.dll+0x3c9af0]
V  [jvm.dll+0x3c6a93]
V  [jvm.dll+0x3c482e]
V  [jvm.dll+0x27276a]
C  [msvcr100.dll+0x21d9f]
C  [msvcr100.dll+0x21e3b]
C  [KERNEL32.DLL+0x17034]
C  [ntdll.dll+0x52651]


---------------  P R O C E S S  ---------------

Java Threads: ( => current thread )
  0x000000001e5cc000 JavaThread "ForkJoinPool-6-worker-0" daemon [_thread_blocked, id=2584, stack(0x00000000327a0000,0x00000000328a0000)]
  0x000000001e5c3800 JavaThread "ForkJoinPool-6-worker-3" daemon [_thread_blocked, id=5652, stack(0x00000000326a0000,0x00000000327a0000)]
  0x000000001e5c6800 JavaThread "ForkJoinPool-6-worker-2" daemon [_thread_blocked, id=8100, stack(0x00000000325a0000,0x00000000326a0000)]
  0x000000001e5ca800 JavaThread "ForkJoinPool-6-worker-1" daemon [_thread_blocked, id=1424, stack(0x00000000324a0000,0x00000000325a0000)]
  0x000000001e5c7800 JavaThread "WorkerExecutor Queue Thread 4" [_thread_blocked, id=2440, stack(0x00000000323a0000,0x00000000324a0000)]
  0x000000001e5c9800 JavaThread "ForkJoinPool.commonPool-worker-2" daemon [_thread_blocked, id=4384, stack(0x00000000322a0000,0x00000000323a0000)]
  0x000000001e5c6000 JavaThread "ForkJoinPool.commonPool-worker-1" daemon [_thread_blocked, id=8220, stack(0x0000000031220000,0x0000000031320000)]
  0x000000001e5c9000 JavaThread "ForkJoinPool.commonPool-worker-0" daemon [_thread_blocked, id=8732, stack(0x0000000031120000,0x0000000031220000)]
  0x000000001e5c4800 JavaThread "RMI TCP Connection(10)-127.0.0.1" daemon [_thread_in_native, id=2916, stack(0x0000000031020000,0x0000000031120000)]
  0x000000001e5c5000 JavaThread "RMI RenewClean-[127.0.0.1:17294,org.jetbrains.kotlin.daemon.common.LoopbackNetworkInterface$ClientLoopbackSocketFactory@3add4ae6]" daemon [_thread_blocked, id=7140, stack(0x0000000030f20000,0x0000000031020000)]
  0x000000001ba59800 JavaThread "RMI TCP Connection(9)-127.0.0.1" daemon [_thread_in_native, id=4688, stack(0x0000000030c00000,0x0000000030d00000)]
  0x000000001ba58800 JavaThread "WorkerExecutor Queue Thread 3" [_thread_blocked, id=5580, stack(0x00000000308d0000,0x00000000309d0000)]
  0x000000001ba51000 JavaThread "WorkerExecutor Queue Thread 2" [_thread_blocked, id=7408, stack(0x00000000307d0000,0x00000000308d0000)]
  0x000000001ba58000 JavaThread "stdout" [_thread_in_native, id=6196, stack(0x000000002cf80000,0x000000002d080000)]
  0x000000001ba50800 JavaThread "stderr" [_thread_in_native, id=32, stack(0x000000002ce80000,0x000000002cf80000)]
  0x000000001ba57000 JavaThread "pool-9-thread-1" [_thread_blocked, id=5152, stack(0x000000002cd80000,0x000000002ce80000)]
  0x000000001ba4f800 JavaThread "WorkerExecutor Queue" [_thread_blocked, id=3816, stack(0x000000002c880000,0x000000002c980000)]
  0x000000001ba56800 JavaThread "Cache worker for execution history cache (C:\Users\Garik Asatryan\AndroidStudioProjects\MyApplication\.gradle\6.5\executionHistory)" [_thread_blocked, id=2252, stack(0x000000002c480000,0x000000002c580000)]
  0x000000001ba55800 JavaThread "Execution worker for ':' Thread 3" [_thread_blocked, id=6224, stack(0x000000002ba80000,0x000000002bb80000)]
  0x000000001ba4e000 JavaThread "Execution worker for ':' Thread 2" [_thread_blocked, id=1092, stack(0x000000002b4c0000,0x000000002b5c0000)]
  0x000000001ba55000 JavaThread "Execution worker for ':'" [_thread_blocked, id=3484, stack(0x000000002b1c0000,0x000000002b2c0000)]
  0x000000001ba4f000 JavaThread "Cache worker for file content cache (C:\Users\Garik Asatryan\AndroidStudioProjects\MyApplication\.gradle\6.5\fileContent)" [_thread_blocked, id=8332, stack(0x0000000029da0000,0x0000000029ea0000)]
  0x000000001ba54000 JavaThread "Cache worker for Build Output Cleanup Cache (C:\Users\Garik Asatryan\AndroidStudioProjects\MyApplication\.gradle\buildOutputCleanup)" [_thread_blocked, id=6408, stack(0x0000000029aa0000,0x0000000029ba0000)]
  0x000000001ba4d800 JavaThread "jar transforms Thread 452" [_thread_blocked, id=3788, stack(0x00000000299a0000,0x0000000029aa0000)]
  0x000000001ba53800 JavaThread "jar transforms Thread 451" [_thread_blocked, id=5604, stack(0x00000000298a0000,0x00000000299a0000)]
  0x000000001ba4c800 JavaThread "jar transforms Thread 450" [_thread_blocked, id=5064, stack(0x00000000297a0000,0x00000000298a0000)]
  0x000000001ba52800 JavaThread "jar transforms Thread 449" [_thread_blocked, id=4496, stack(0x00000000296a0000,0x00000000297a0000)]
  0x000000001ba52000 JavaThread "jar transforms Thread 448" [_thread_blocked, id=2256, stack(0x00000000295a0000,0x00000000296a0000)]
  0x000000001ba4c000 JavaThread "jar transforms Thread 447" [_thread_blocked, id=4844, stack(0x00000000294a0000,0x00000000295a0000)]
  0x000000001b80d000 JavaThread "jar transforms Thread 446" [_thread_blocked, id=6468, stack(0x00000000293a0000,0x00000000294a0000)]
  0x000000001b812000 JavaThread "jar transforms Thread 445" [_thread_blocked, id=4416, stack(0x00000000292a0000,0x00000000293a0000)]
  0x000000001b811800 JavaThread "jar transforms Thread 444" [_thread_blocked, id=7044, stack(0x00000000291a0000,0x00000000292a0000)]
  0x000000001b810000 JavaThread "jar transforms Thread 443" [_thread_blocked, id=2892, stack(0x00000000290a0000,0x00000000291a0000)]
  0x000000001b80f000 JavaThread "jar transforms Thread 442" [_thread_blocked, id=8408, stack(0x0000000028fa0000,0x00000000290a0000)]
  0x000000001fae7800 JavaThread "jar transforms Thread 441" [_thread_blocked, id=5184, stack(0x0000000028ea0000,0x0000000028fa0000)]
  0x000000001fae6800 JavaThread "jar transforms Thread 440" [_thread_blocked, id=7020, stack(0x0000000028da0000,0x0000000028ea0000)]
  0x000000001fae6000 JavaThread "jar transforms Thread 439" [_thread_blocked, id=4076, stack(0x0000000028ca0000,0x0000000028da0000)]
  0x000000001fae3800 JavaThread "jar transforms Thread 438" [_thread_blocked, id=1868, stack(0x0000000028ba0000,0x0000000028ca0000)]
  0x000000001fada000 JavaThread "jar transforms Thread 437" [_thread_blocked, id=3956, stack(0x0000000028aa0000,0x0000000028ba0000)]
  0x000000001fae0800 JavaThread "jar transforms Thread 436" [_thread_blocked, id=7724, stack(0x00000000289a0000,0x0000000028aa0000)]
  0x000000001fae0000 JavaThread "jar transforms Thread 435" [_thread_blocked, id=3868, stack(0x00000000288a0000,0x00000000289a0000)]
  0x000000001fadd000 JavaThread "jar transforms Thread 434" [_thread_blocked, id=616, stack(0x00000000287a0000,0x00000000288a0000)]
  0x000000001fadb800 JavaThread "jar transforms Thread 433" [_thread_blocked, id=4616, stack(0x00000000286a0000,0x00000000287a0000)]
  0x000000001fadf000 JavaThread "jar transforms Thread 432" [_thread_blocked, id=5568, stack(0x00000000285a0000,0x00000000286a0000)]
  0x000000001fadc000 JavaThread "jar transforms Thread 431" [_thread_blocked, id=7540, stack(0x00000000284a0000,0x00000000285a0000)]
  0x0000000019f98800 JavaThread "jar transforms Thread 430" [_thread_blocked, id=3504, stack(0x00000000283a0000,0x00000000284a0000)]
  0x0000000019f97800 JavaThread "jar transforms Thread 429" [_thread_blocked, id=1332, stack(0x00000000282a0000,0x00000000283a0000)]
  0x0000000019f96000 JavaThread "jar transforms Thread 428" [_thread_blocked, id=3848, stack(0x00000000281a0000,0x00000000282a0000)]
  0x0000000019f95800 JavaThread "jar transforms Thread 427" [_thread_blocked, id=2060, stack(0x00000000280a0000,0x00000000281a0000)]
  0x0000000019f94800 JavaThread "jar transforms Thread 426" [_thread_blocked, id=2768, stack(0x0000000027fa0000,0x00000000280a0000)]
  0x0000000019f97000 JavaThread "jar transforms Thread 425" [_thread_blocked, id=7592, stack(0x0000000027ea0000,0x0000000027fa0000)]
  0x0000000019f94000 JavaThread "jar transforms Thread 424" [_thread_blocked, id=1972, stack(0x0000000027da0000,0x0000000027ea0000)]
  0x0000000019f8c800 JavaThread "jar transforms Thread 423" [_thread_blocked, id=9040, stack(0x0000000027ca0000,0x0000000027da0000)]
  0x0000000019f93000 JavaThread "jar transforms Thread 422" [_thread_blocked, id=3764, stack(0x0000000027ba0000,0x0000000027ca0000)]
  0x0000000019f90000 JavaThread "jar transforms Thread 421" [_thread_blocked, id=2168, stack(0x0000000027aa0000,0x0000000027ba0000)]
  0x0000000019f8b800 JavaThread "jar transforms Thread 420" [_thread_blocked, id=5772, stack(0x00000000279a0000,0x0000000027aa0000)]
  0x0000000019f92800 JavaThread "jar transforms Thread 419" [_thread_blocked, id=3044, stack(0x00000000278a0000,0x00000000279a0000)]
  0x0000000019f91800 JavaThread "jar transforms Thread 418" [_thread_blocked, id=6496, stack(0x00000000277a0000,0x00000000278a0000)]
  0x0000000019f8e800 JavaThread "jar transforms Thread 417" [_thread_blocked, id=1528, stack(0x00000000276a0000,0x00000000277a0000)]
  0x0000000019f8e000 JavaThread "jar transforms Thread 416" [_thread_blocked, id=7028, stack(0x00000000275a0000,0x00000000276a0000)]
  0x000000001e887800 JavaThread "jar transforms Thread 415" [_thread_blocked, id=4732, stack(0x00000000273a0000,0x00000000274a0000)]
  0x000000001e884800 JavaThread "jar transforms Thread 414" [_thread_blocked, id=8336, stack(0x00000000272a0000,0x00000000273a0000)]
  0x000000001e885000 JavaThread "jar transforms Thread 413" [_thread_blocked, id=1120, stack(0x00000000271a0000,0x00000000272a0000)]
  0x000000001e883800 JavaThread "jar transforms Thread 412" [_thread_blocked, id=4360, stack(0x00000000270a0000,0x00000000271a0000)]
  0x000000001e886800 JavaThread "jar transforms Thread 411" [_thread_blocked, id=4084, stack(0x0000000026fa0000,0x00000000270a0000)]
  0x000000001e883000 JavaThread "jar transforms Thread 410" [_thread_blocked, id=6372, stack(0x0000000026ea0000,0x0000000026fa0000)]
  0x000000001e886000 JavaThread "jar transforms Thread 409" [_thread_blocked, id=2780, stack(0x0000000026da0000,0x0000000026ea0000)]
  0x000000001e882000 JavaThread "jar transforms Thread 408" [_thread_blocked, id=3772, stack(0x0000000026ca0000,0x0000000026da0000)]
  0x000000001e888000 JavaThread "jar transforms Thread 407" [_thread_blocked, id=192, stack(0x0000000026ba0000,0x0000000026ca0000)]
  0x000000001e87a800 JavaThread "jar transforms Thread 406" [_thread_blocked, id=5732, stack(0x0000000026aa0000,0x0000000026ba0000)]
  0x000000001e87b800 JavaThread "jar transforms Thread 405" [_thread_blocked, id=7496, stack(0x00000000269a0000,0x0000000026aa0000)]
  0x000000001e881800 JavaThread "jar transforms Thread 404" [_thread_blocked, id=1248, stack(0x00000000268a0000,0x00000000269a0000)]
  0x000000001e87a000 JavaThread "jar transforms Thread 403" [_thread_blocked, id=1532, stack(0x00000000267a0000,0x00000000268a0000)]
  0x000000001e880000 JavaThread "jar transforms Thread 402" [_thread_blocked, id=784, stack(0x00000000266a0000,0x00000000267a0000)]
  0x000000001e87e800 JavaThread "jar transforms Thread 401" [_thread_blocked, id=3156, stack(0x00000000265a0000,0x00000000266a0000)]
  0x000000001e87d000 JavaThread "jar transforms Thread 400" [_thread_blocked, id=5108, stack(0x00000000264a0000,0x00000000265a0000)]
  0x00000000204d6800 JavaThread "jar transforms Thread 399" [_thread_blocked, id=9088, stack(0x00000000263a0000,0x00000000264a0000)]
  0x00000000204d5800 JavaThread "jar transforms Thread 398" [_thread_blocked, id=7844, stack(0x00000000262a0000,0x00000000263a0000)]
  0x00000000204d5000 JavaThread "jar transforms Thread 397" [_thread_blocked, id=4200, stack(0x00000000261a0000,0x00000000262a0000)]
  0x00000000204d4000 JavaThread "jar transforms Thread 396" [_thread_blocked, id=4324, stack(0x00000000260a0000,0x00000000261a0000)]
  0x00000000204cc800 JavaThread "jar transforms Thread 395" [_thread_blocked, id=8308, stack(0x0000000025fa0000,0x00000000260a0000)]
  0x00000000204d3800 JavaThread "jar transforms Thread 394" [_thread_blocked, id=2692, stack(0x0000000025ea0000,0x0000000025fa0000)]
  0x00000000204d1000 JavaThread "jar transforms Thread 393" [_thread_blocked, id=4580, stack(0x0000000025da0000,0x0000000025ea0000)]
  0x00000000204d0800 JavaThread "jar transforms Thread 392" [_thread_blocked, id=7840, stack(0x0000000025ca0000,0x0000000025da0000)]
  0x00000000204cf800 JavaThread "jar transforms Thread 391" [_thread_blocked, id=7328, stack(0x0000000025ba0000,0x0000000025ca0000)]
  0x00000000204d2000 JavaThread "jar transforms Thread 390" [_thread_blocked, id=1080, stack(0x0000000025aa0000,0x0000000025ba0000)]
  0x00000000204c8000 JavaThread "jar transforms Thread 389" [_thread_blocked, id=7032, stack(0x00000000259a0000,0x0000000025aa0000)]
  0x00000000204cb000 JavaThread "jar transforms Thread 388" [_thread_blocked, id=6704, stack(0x00000000258a0000,0x00000000259a0000)]
  0x00000000204cf000 JavaThread "jar transforms Thread 387" [_thread_blocked, id=2568, stack(0x00000000257a0000,0x00000000258a0000)]
  0x00000000204c9000 JavaThread "jar transforms Thread 386" [_thread_blocked, id=4484, stack(0x00000000256a0000,0x00000000257a0000)]
  0x00000000204ce000 JavaThread "jar transforms Thread 385" [_thread_blocked, id=1656, stack(0x00000000255a0000,0x00000000256a0000)]
  0x00000000204cd800 JavaThread "jar transforms Thread 384" [_thread_blocked, id=5488, stack(0x00000000254a0000,0x00000000255a0000)]
  0x00000000204c9800 JavaThread "jar transforms Thread 383" [_thread_blocked, id=5028, stack(0x00000000253a0000,0x00000000254a0000)]
  0x00000000204ca800 JavaThread "jar transforms Thread 382" [_thread_blocked, id=4540, stack(0x00000000252a0000,0x00000000253a0000)]
  0x000000001f7b1000 JavaThread "jar transforms Thread 381" [_thread_blocked, id=6376, stack(0x00000000251a0000,0x00000000252a0000)]
  0x000000001f7b2800 JavaThread "jar transforms Thread 380" [_thread_blocked, id=1352, stack(0x00000000250a0000,0x00000000251a0000)]
  0x000000001f7b3000 JavaThread "jar transforms Thread 379" [_thread_blocked, id=3344, stack(0x0000000024fa0000,0x00000000250a0000)]
  0x000000001f7b0000 JavaThread "jar transforms Thread 378" [_thread_blocked, id=4640, stack(0x0000000024ea0000,0x0000000024fa0000)]
  0x000000001f7b4800 JavaThread "jar transforms Thread 377" [_thread_blocked, id=688, stack(0x0000000024da0000,0x0000000024ea0000)]
  0x000000001f7b1800 JavaThread "jar transforms Thread 376" [_thread_blocked, id=3584, stack(0x0000000024ca0000,0x0000000024da0000)]
  0x000000001f7a8800 JavaThread "jar transforms Thread 375" [_thread_blocked, id=6688, stack(0x0000000024ba0000,0x0000000024ca0000)]
  0x000000001f7af800 JavaThread "jar transforms Thread 374" [_thread_blocked, id=8992, stack(0x0000000024aa0000,0x0000000024ba0000)]
  0x000000001f7ae800 JavaThread "jar transforms Thread 373" [_thread_blocked, id=364, stack(0x00000000249a0000,0x0000000024aa0000)]
  0x000000001f7a7000 JavaThread "jar transforms Thread 372" [_thread_blocked, id=5380, stack(0x00000000248a0000,0x00000000249a0000)]
  0x000000001f7ae000 JavaThread "jar transforms Thread 371" [_thread_blocked, id=3112, stack(0x00000000247a0000,0x00000000248a0000)]
  0x000000001f7a8000 JavaThread "jar transforms Thread 370" [_thread_blocked, id=772, stack(0x00000000246a0000,0x00000000247a0000)]
  0x000000001f7aa000 JavaThread "jar transforms Thread 369" [_thread_blocked, id=3536, stack(0x00000000245a0000,0x00000000246a0000)]
  0x000000001f7ad000 JavaThread "jar transforms Thread 368" [_thread_blocked, id=6296, stack(0x00000000244a0000,0x00000000245a0000)]
  0x000000001f7ab000 JavaThread "jar transforms Thread 367" [_thread_blocked, id=8664, stack(0x00000000243a0000,0x00000000244a0000)]
  0x000000001f7ac800 JavaThread "jar transforms Thread 366" [_thread_blocked, id=1664, stack(0x00000000242a0000,0x00000000243a0000)]
  0x000000001f7ab800 JavaThread "jar transforms Thread 365" [_thread_blocked, id=9104, stack(0x00000000241a0000,0x00000000242a0000)]
  0x000000001f7a9800 JavaThread "jar transforms Thread 364" [_thread_blocked, id=9212, stack(0x00000000240a0000,0x00000000241a0000)]
  0x000000001fe03000 JavaThread "jar transforms Thread 363" [_thread_blocked, id=7856, stack(0x0000000023fa0000,0x00000000240a0000)]
  0x000000001fe02800 JavaThread "jar transforms Thread 362" [_thread_blocked, id=5916, stack(0x0000000023ea0000,0x0000000023fa0000)]
  0x000000001fe01800 JavaThread "jar transforms Thread 361" [_thread_blocked, id=7700, stack(0x0000000023da0000,0x0000000023ea0000)]
  0x000000001fe00000 JavaThread "jar transforms Thread 360" [_thread_blocked, id=2620, stack(0x0000000023ca0000,0x0000000023da0000)]
  0x000000001fe01000 JavaThread "jar transforms Thread 359" [_thread_blocked, id=8852, stack(0x0000000023ba0000,0x0000000023ca0000)]
  0x000000001fdff800 JavaThread "jar transforms Thread 358" [_thread_blocked, id=8844, stack(0x0000000023aa0000,0x0000000023ba0000)]
  0x000000001fdf8000 JavaThread "jar transforms Thread 357" [_thread_blocked, id=7688, stack(0x00000000239a0000,0x0000000023aa0000)]
  0x000000001fdfe800 JavaThread "jar transforms Thread 356" [_thread_blocked, id=4492, stack(0x00000000238a0000,0x00000000239a0000)]
  0x000000001fdfe000 JavaThread "jar transforms Thread 355" [_thread_blocked, id=3032, stack(0x00000000237a0000,0x00000000238a0000)]
  0x000000001fdfb000 JavaThread "jar transforms Thread 354" [_thread_blocked, id=7888, stack(0x00000000236a0000,0x00000000237a0000)]
  0x000000001fdfc800 JavaThread "jar transforms Thread 353" [_thread_blocked, id=4964, stack(0x0000000023420000,0x0000000023520000)]
  0x000000001fdf9800 JavaThread "jar transforms Thread 352" [_thread_blocked, id=1036, stack(0x0000000023320000,0x0000000023420000)]
  0x000000001fdfd000 JavaThread "jar transforms Thread 351" [_thread_blocked, id=9144, stack(0x0000000023220000,0x0000000023320000)]
  0x000000001fdf6800 JavaThread "jar transforms Thread 350" [_thread_blocked, id=6728, stack(0x0000000023120000,0x0000000023220000)]
  0x000000001fdf8800 JavaThread "jar transforms Thread 349" [_thread_blocked, id=5552, stack(0x0000000023020000,0x0000000023120000)]
  0x000000001fdf5000 JavaThread "jar transforms Thread 348" [_thread_blocked, id=7340, stack(0x0000000022f20000,0x0000000023020000)]
  0x000000001fdf5800 JavaThread "jar transforms Thread 347" [_thread_blocked, id=5056, stack(0x0000000022e20000,0x0000000022f20000)]
  0x000000001fdfa000 JavaThread "jar transforms Thread 346" [_thread_blocked, id=1044, stack(0x0000000022d20000,0x0000000022e20000)]
  0x000000001fdf7000 JavaThread "jar transforms Thread 345" [_thread_blocked, id=5248, stack(0x0000000022c20000,0x0000000022d20000)]
  0x000000001fdfb800 JavaThread "jar transforms Thread 344" [_thread_blocked, id=6048, stack(0x0000000022b20000,0x0000000022c20000)]
  0x000000001fdf2000 JavaThread "jar transforms Thread 343" [_thread_blocked, id=6920, stack(0x0000000022a20000,0x0000000022b20000)]
  0x000000001fdf2800 JavaThread "jar transforms Thread 342" [_thread_blocked, id=1740, stack(0x0000000022920000,0x0000000022a20000)]
  0x000000001fded800 JavaThread "jar transforms Thread 341" [_thread_blocked, id=5876, stack(0x0000000022820000,0x0000000022920000)]
  0x000000001fdf4000 JavaThread "jar transforms Thread 340" [_thread_blocked, id=8328, stack(0x0000000022720000,0x0000000022820000)]
  0x000000001fdef000 JavaThread "Build operations Thread 4" [_thread_blocked, id=7352, stack(0x0000000021d20000,0x0000000021e20000)]
  0x000000001fdee000 JavaThread "Build operations Thread 3" [_thread_blocked, id=4728, stack(0x0000000021520000,0x0000000021620000)]
  0x000000001fdf3800 JavaThread "Build operations Thread 2" [_thread_blocked, id=3544, stack(0x00000000201b0000,0x00000000202b0000)]
  0x000000001fdf1000 JavaThread "Build operations" [_thread_blocked, id=3480, stack(0x00000000200b0000,0x00000000201b0000)]
  0x000000001fdef800 JavaThread "Cache worker for cache directory md-rule (C:\Users\Garik Asatryan\.gradle\caches\6.5\md-rule)" [_thread_blocked, id=9112, stack(0x000000001dbd0000,0x000000001dcd0000)]
  0x000000001fde5000 JavaThread "Cache worker for cache directory md-supplier (C:\Users\Garik Asatryan\.gradle\caches\6.5\md-supplier)" [_thread_blocked, id=1272, stack(0x000000001d5d0000,0x000000001d6d0000)]
  0x000000001fde8000 JavaThread "Cache worker for checksums cache (C:\Users\Garik Asatryan\AndroidStudioProjects\MyApplication\.gradle\checksums)" [_thread_blocked, id=2988, stack(0x000000001d4d0000,0x000000001d5d0000)]
  0x000000001fde7800 JavaThread "Cache worker for file hash cache (C:\Users\Garik Asatryan\AndroidStudioProjects\MyApplication\.gradle\6.5\fileHashes)" [_thread_blocked, id=7128, stack(0x000000001d3d0000,0x000000001d4d0000)]
  0x000000001fde6000 JavaThread "Thread-430" [_thread_blocked, id=6248, stack(0x000000001d2d0000,0x000000001d3d0000)]
  0x000000001fdec000 JavaThread "Stdin handler" [_thread_blocked, id=7696, stack(0x000000001d1d0000,0x000000001d2d0000)]
  0x000000001fde4000 JavaThread "Asynchronous log dispatcher for DefaultDaemonConnection: socket connection from /127.0.0.1:50923 to /127.0.0.1:51787" [_thread_blocked, id=4304, stack(0x000000001d0d0000,0x000000001d1d0000)]
  0x000000001fdeb000 JavaThread "Daemon worker Thread 4" [_thread_blocked, id=4624, stack(0x000000001cfd0000,0x000000001d0d0000)]
  0x000000001fde9800 JavaThread "Cancel handler" [_thread_blocked, id=404, stack(0x000000001c990000,0x000000001ca90000)]
  0x000000001fde9000 JavaThread "Handler for socket connection from /127.0.0.1:50923 to /127.0.0.1:51787" [_thread_in_native, id=8676, stack(0x000000001c890000,0x000000001c990000)]
  0x000000001fde6800 JavaThread "Daemon Thread 4" [_thread_blocked, id=1892, stack(0x0000000001180000,0x0000000001280000)]
  0x000000001fae3000 JavaThread "RMI Reaper" [_thread_blocked, id=7720, stack(0x000000002c780000,0x000000002c880000)]
  0x000000001fadd800 JavaThread "RMI TCP Accept-0" daemon [_thread_in_native, id=7120, stack(0x000000002c680000,0x000000002c780000)]
  0x000000001fae1800 JavaThread "GC Daemon" daemon [_thread_blocked, id=2740, stack(0x000000002c580000,0x000000002c680000)]
  0x000000001fae2000 JavaThread "RMI Scheduler(0)" daemon [_thread_blocked, id=8424, stack(0x000000002c380000,0x000000002c480000)]
  0x000000001f7b6000 JavaThread "Memory manager" [_thread_blocked, id=5728, stack(0x000000002a4a0000,0x000000002a5a0000)]
  0x000000001b810800 JavaThread "Cache worker for file content cache (C:\Users\Garik Asatryan\.gradle\caches\6.5\fileContent)" [_thread_blocked, id=7640, stack(0x0000000021e20000,0x0000000021f20000)]
  0x000000001b813800 JavaThread "Cache worker for execution history cache (C:\Users\Garik Asatryan\.gradle\caches\6.5\executionHistory)" [_thread_blocked, id=8520, stack(0x0000000021620000,0x0000000021720000)]
  0x000000001b80d800 JavaThread "Cache worker for file hash cache (C:\Users\Garik Asatryan\.gradle\caches\6.5\fileHashes)" [_thread_blocked, id=8736, stack(0x000000001dad0000,0x000000001dbd0000)]
  0x000000001b80e800 JavaThread "File lock request listener" [_thread_in_native, id=4512, stack(0x000000001d9d0000,0x000000001dad0000)]
  0x000000001b815000 JavaThread "Cache worker for journal cache (C:\Users\Garik Asatryan\.gradle\caches\journal-1)" [_thread_blocked, id=6092, stack(0x000000001d8d0000,0x000000001d9d0000)]
  0x000000001a415000 JavaThread "Daemon periodic checks" [_thread_blocked, id=8996, stack(0x000000001ccd0000,0x000000001cdd0000)]
  0x000000001afc5000 JavaThread "Incoming local TCP Connector on port 50923" [_thread_in_native, id=3684, stack(0x000000001ca90000,0x000000001cb90000)]
  0x000000001b446800 JavaThread "Daemon health stats" [_thread_blocked, id=4816, stack(0x000000001c450000,0x000000001c550000)]
  0x00000000194d8800 JavaThread "Service Thread" daemon [_thread_blocked, id=884, stack(0x00000000198b0000,0x00000000199b0000)]
  0x0000000017b72000 JavaThread "C1 CompilerThread2" daemon [_thread_blocked, id=2416, stack(0x00000000193b0000,0x00000000194b0000)]
  0x0000000017b6b800 JavaThread "C2 CompilerThread1" daemon [_thread_blocked, id=3052, stack(0x00000000192b0000,0x00000000193b0000)]
  0x0000000017b66800 JavaThread "C2 CompilerThread0" daemon [_thread_blocked, id=2764, stack(0x00000000191b0000,0x00000000192b0000)]
  0x0000000017b65000 JavaThread "Attach Listener" daemon [_thread_blocked, id=624, stack(0x00000000190b0000,0x00000000191b0000)]
  0x0000000017b64000 JavaThread "Signal Dispatcher" daemon [_thread_blocked, id=5124, stack(0x0000000018fb0000,0x00000000190b0000)]
  0x0000000002f3c800 JavaThread "Finalizer" daemon [_thread_blocked, id=5256, stack(0x0000000018db0000,0x0000000018eb0000)]
  0x0000000002f33800 JavaThread "Reference Handler" daemon [_thread_blocked, id=684, stack(0x0000000018cb0000,0x0000000018db0000)]
  0x000000000105e000 JavaThread "main" [_thread_blocked, id=1940, stack(0x0000000002c70000,0x0000000002d70000)]

Other Threads:
  0x0000000017b26000 VMThread [stack: 0x0000000018bb0000,0x0000000018cb0000] [id=2848]
  0x00000000194d9000 WatcherThread [stack: 0x00000000199b0000,0x0000000019ab0000] [id=2488]

=>0x0000000002e5a000 (exited) GCTaskThread [stack: 0x0000000012bc0000,0x0000000012cc0000] [id=5348]

VM state:at safepoint (normal execution)

VM Mutex/Monitor currently owned by a thread:  ([mutex/lock_event])
[0x000000000105d2b0] Threads_lock - owner thread: 0x0000000017b26000
[0x000000000105cf30] Heap_lock - owner thread: 0x000000001e5c3800

heap address: 0x0000000080000000, size: 2048 MB, Compressed Oops mode: 32-bit
Narrow klass base: 0x0000000000000000, Narrow klass shift: 3
Compressed class space size: 1073741824 Address: 0x0000000100000000

Heap:
 PSYoungGen      total 551936K, used 59880K [0x00000000d5580000, 0x00000000fdd00000, 0x0000000100000000)
  eden space 492032K, 0% used [0x00000000d5580000,0x00000000d5580000,0x00000000f3600000)
  from space 59904K, 99% used [0x00000000f8500000,0x00000000fbf7a0d8,0x00000000fbf80000)
  to   space 80896K, 0% used [0x00000000f3600000,0x00000000f3600000,0x00000000f8500000)
 ParOldGen       total 196096K, used 184475K [0x0000000080000000, 0x000000008bf80000, 0x00000000d5580000)
  object space 196096K, 94% used [0x0000000080000000,0x000000008b426f18,0x000000008bf80000)
 Metaspace       used 92779K, capacity 97718K, committed 97944K, reserved 1134592K
  class space    used 12295K, capacity 13215K, committed 13232K, reserved 1048576K

Card table byte_map: [0x0000000012300000,0x0000000012710000] byte_map_base: 0x0000000011f00000

Marking Bits: (ParMarkBitMap*) 0x000000005815f030
 Begin Bits: [0x0000000012dc0000, 0x0000000014dc0000)
 End Bits:   [0x0000000014dc0000, 0x0000000016dc0000)

Polling page: 0x0000000001060000

CodeCache: size=245760Kb used=47565Kb max_used=47587Kb free=198194Kb
 bounds [0x0000000002f40000, 0x0000000005e00000, 0x0000000011f40000]
 total_blobs=15424 nmethods=14540 adapters=795
 compilation: enabled

Compilation events (10 events):
Event: 1303.825 Thread 0x0000000017b6b800 18315       4       com.android.tools.r8.t.a.a.a.h.Y$f::k (149 bytes)
Event: 1303.826 Thread 0x0000000017b72000 nmethod 18317% 0x00000000030f1350 code [0x00000000030f1500, 0x00000000030f1af8]
Event: 1303.828 Thread 0x0000000017b6b800 nmethod 18315 0x0000000004bed290 code [0x0000000004bed3e0, 0x0000000004bed518]
Event: 1303.828 Thread 0x0000000017b6b800 18316       4       com.android.tools.r8.t.a.a.a.h.Y$a::next (25 bytes)
Event: 1303.833 Thread 0x0000000017b6b800 nmethod 18316 0x000000000593d890 code [0x000000000593d9e0, 0x000000000593dc18]
Event: 1303.836 Thread 0x0000000017b66800 nmethod 18313 0x0000000005debfd0 code [0x0000000005dec180, 0x0000000005deca98]
Event: 1303.836 Thread 0x0000000017b6b800 18318       4       com.android.tools.r8.q.a.b.l.g.o::a (265 bytes)
Event: 1303.849 Thread 0x0000000017b66800 18319       4       com.android.tools.r8.dex.b$$Lambda$1018/568212471::accept (12 bytes)
Event: 1303.850 Thread 0x0000000017b66800 nmethod 18319 0x0000000004c23bd0 code [0x0000000004c23d20, 0x0000000004c23de8]
Event: 1303.928 Thread 0x0000000017b6b800 nmethod 18318 0x0000000005df4150 code [0x0000000005df4520, 0x0000000005df6fb0]

GC Heap History (10 events):
Event: 65.191 GC heap after
Heap after GC invocations=20 (full 4):
 PSYoungGen      total 427520K, used 40361K [0x00000000d5580000, 0x00000000f3f00000, 0x0000000100000000)
  eden space 372224K, 0% used [0x00000000d5580000,0x00000000d5580000,0x00000000ec100000)
  from space 55296K, 72% used [0x00000000f0900000,0x00000000f306a7f8,0x00000000f3f00000)
  to   space 64512K, 0% used [0x00000000ec100000,0x00000000ec100000,0x00000000f0000000)
 ParOldGen       total 196096K, used 119911K [0x0000000080000000, 0x000000008bf80000, 0x00000000d5580000)
  object space 196096K, 61% used [0x0000000080000000,0x0000000087519c70,0x000000008bf80000)
 Metaspace       used 84396K, capacity 88648K, committed 88856K, reserved 1126400K
  class space    used 11677K, capacity 12482K, committed 12592K, reserved 1048576K
}
Event: 705.009 GC heap before
{Heap before GC invocations=21 (full 4):
 PSYoungGen      total 427520K, used 412585K [0x00000000d5580000, 0x00000000f3f00000, 0x0000000100000000)
  eden space 372224K, 100% used [0x00000000d5580000,0x00000000ec100000,0x00000000ec100000)
  from space 55296K, 72% used [0x00000000f0900000,0x00000000f306a7f8,0x00000000f3f00000)
  to   space 64512K, 0% used [0x00000000ec100000,0x00000000ec100000,0x00000000f0000000)
 ParOldGen       total 196096K, used 119911K [0x0000000080000000, 0x000000008bf80000, 0x00000000d5580000)
  object space 196096K, 61% used [0x0000000080000000,0x0000000087519c70,0x000000008bf80000)
 Metaspace       used 91366K, capacity 95920K, committed 96024K, reserved 1132544K
  class space    used 12223K, capacity 13080K, committed 13104K, reserved 1048576K
Event: 707.079 GC heap after
Heap after GC invocations=21 (full 4):
 PSYoungGen      total 436736K, used 38051K [0x00000000d5580000, 0x00000000f8d00000, 0x0000000100000000)
  eden space 372224K, 0% used [0x00000000d5580000,0x00000000d5580000,0x00000000ec100000)
  from space 64512K, 58% used [0x00000000ec100000,0x00000000ee628cf0,0x00000000f0000000)
  to   space 66048K, 0% used [0x00000000f4c80000,0x00000000f4c80000,0x00000000f8d00000)
 ParOldGen       total 196096K, used 151532K [0x0000000080000000, 0x000000008bf80000, 0x00000000d5580000)
  object space 196096K, 77% used [0x0000000080000000,0x00000000893fb228,0x000000008bf80000)
 Metaspace       used 91366K, capacity 95920K, committed 96024K, reserved 1132544K
  class space    used 12223K, capacity 13080K, committed 13104K, reserved 1048576K
}
Event: 829.281 GC heap before
{Heap before GC invocations=22 (full 4):
 PSYoungGen      total 436736K, used 410275K [0x00000000d5580000, 0x00000000f8d00000, 0x0000000100000000)
  eden space 372224K, 100% used [0x00000000d5580000,0x00000000ec100000,0x00000000ec100000)
  from space 64512K, 58% used [0x00000000ec100000,0x00000000ee628cf0,0x00000000f0000000)
  to   space 66048K, 0% used [0x00000000f4c80000,0x00000000f4c80000,0x00000000f8d00000)
 ParOldGen       total 196096K, used 151532K [0x0000000080000000, 0x000000008bf80000, 0x00000000d5580000)
  object space 196096K, 77% used [0x0000000080000000,0x00000000893fb228,0x000000008bf80000)
 Metaspace       used 91878K, capacity 96446K, committed 96536K, reserved 1132544K
  class space    used 12249K, capacity 13101K, committed 13104K, reserved 1048576K
Event: 829.650 GC heap after
Heap after GC invocations=22 (full 4):
 PSYoungGen      total 489472K, used 12741K [0x00000000d5580000, 0x00000000f7e00000, 0x0000000100000000)
  eden space 438784K, 0% used [0x00000000d5580000,0x00000000d5580000,0x00000000f0200000)
  from space 50688K, 25% used [0x00000000f4c80000,0x00000000f58f16b8,0x00000000f7e00000)
  to   space 63488K, 0% used [0x00000000f0200000,0x00000000f0200000,0x00000000f4000000)
 ParOldGen       total 196096K, used 155052K [0x0000000080000000, 0x000000008bf80000, 0x00000000d5580000)
  object space 196096K, 79% used [0x0000000080000000,0x000000008976b0e8,0x000000008bf80000)
 Metaspace       used 91878K, capacity 96446K, committed 96536K, reserved 1132544K
  class space    used 12249K, capacity 13101K, committed 13104K, reserved 1048576K
}
Event: 838.489 GC heap before
{Heap before GC invocations=23 (full 4):
 PSYoungGen      total 489472K, used 450902K [0x00000000d5580000, 0x00000000f7e00000, 0x0000000100000000)
  eden space 438784K, 99% used [0x00000000d5580000,0x00000000f01644d0,0x00000000f0200000)
  from space 50688K, 25% used [0x00000000f4c80000,0x00000000f58f16b8,0x00000000f7e00000)
  to   space 63488K, 0% used [0x00000000f0200000,0x00000000f0200000,0x00000000f4000000)
 ParOldGen       total 196096K, used 155052K [0x0000000080000000, 0x000000008bf80000, 0x00000000d5580000)
  object space 196096K, 79% used [0x0000000080000000,0x000000008976b0e8,0x000000008bf80000)
 Metaspace       used 92159K, capacity 96780K, committed 96920K, reserved 1132544K
  class space    used 12260K, capacity 13120K, committed 13232K, reserved 1048576K
Event: 838.704 GC heap after
Heap after GC invocations=23 (full 4):
 PSYoungGen      total 502272K, used 21511K [0x00000000d5580000, 0x00000000fbf80000, 0x0000000100000000)
  eden space 438784K, 0% used [0x00000000d5580000,0x00000000d5580000,0x00000000f0200000)
  from space 63488K, 33% used [0x00000000f0200000,0x00000000f1701eb0,0x00000000f4000000)
  to   space 59904K, 0% used [0x00000000f8500000,0x00000000f8500000,0x00000000fbf80000)
 ParOldGen       total 196096K, used 155060K [0x0000000080000000, 0x000000008bf80000, 0x00000000d5580000)
  object space 196096K, 79% used [0x0000000080000000,0x000000008976d0e8,0x000000008bf80000)
 Metaspace       used 92159K, capacity 96780K, committed 96920K, reserved 1132544K
  class space    used 12260K, capacity 13120K, committed 13232K, reserved 1048576K
}
Event: 1303.993 GC heap before
{Heap before GC invocations=24 (full 4):
 PSYoungGen      total 502272K, used 460129K [0x00000000d5580000, 0x00000000fbf80000, 0x0000000100000000)
  eden space 438784K, 99% used [0x00000000d5580000,0x00000000f01d66e8,0x00000000f0200000)
  from space 63488K, 33% used [0x00000000f0200000,0x00000000f1701eb0,0x00000000f4000000)
  to   space 59904K, 0% used [0x00000000f8500000,0x00000000f8500000,0x00000000fbf80000)
 ParOldGen       total 196096K, used 155060K [0x0000000080000000, 0x000000008bf80000, 0x00000000d5580000)
  object space 196096K, 79% used [0x0000000080000000,0x000000008976d0e8,0x000000008bf80000)
 Metaspace       used 92779K, capacity 97718K, committed 97944K, reserved 1134592K
  class space    used 12295K, capacity 13215K, committed 13232K, reserved 1048576K
Event: 1304.671 GC heap after
Heap after GC invocations=24 (full 4):
 PSYoungGen      total 551936K, used 59880K [0x00000000d5580000, 0x00000000fdd00000, 0x0000000100000000)
  eden space 492032K, 0% used [0x00000000d5580000,0x00000000d5580000,0x00000000f3600000)
  from space 59904K, 99% used [0x00000000f8500000,0x00000000fbf7a0d8,0x00000000fbf80000)
  to   space 80896K, 0% used [0x00000000f3600000,0x00000000f3600000,0x00000000f8500000)
 ParOldGen       total 196096K, used 184475K [0x0000000080000000, 0x000000008bf80000, 0x00000000d5580000)
  object space 196096K, 94% used [0x0000000080000000,0x000000008b426f18,0x000000008bf80000)
 Metaspace       used 92779K, capacity 97718K, committed 97944K, reserved 1134592K
  class space    used 12295K, capacity 13215K, committed 13232K, reserved 1048576K
}
Event: 1304.673 GC heap before
{Heap before GC invocations=25 (full 5):
 PSYoungGen      total 551936K, used 59880K [0x00000000d5580000, 0x00000000fdd00000, 0x0000000100000000)
  eden space 492032K, 0% used [0x00000000d5580000,0x00000000d5580000,0x00000000f3600000)
  from space 59904K, 99% used [0x00000000f8500000,0x00000000fbf7a0d8,0x00000000fbf80000)
  to   space 80896K, 0% used [0x00000000f3600000,0x00000000f3600000,0x00000000f8500000)
 ParOldGen       total 196096K, used 184475K [0x0000000080000000, 0x000000008bf80000, 0x00000000d5580000)
  object space 196096K, 94% used [0x0000000080000000,0x000000008b426f18,0x000000008bf80000)
 Metaspace       used 92779K, capacity 97718K, committed 97944K, reserved 1134592K
  class space    used 12295K, capacity 13215K, committed 13232K, reserved 1048576K

Deoptimization events (10 events):
Event: 1281.778 Thread 0x000000001fdeb000 Uncommon trap: reason=unstable_if action=reinterpret pc=0x00000000052dcbdc method=com.sun.org.apache.xerces.internal.dom.DeferredAttrNSImpl.synchronizeData()V @ 36
Event: 1282.286 Thread 0x000000001fdeb000 Uncommon trap: reason=bimorphic action=maybe_recompile pc=0x000000000533b120 method=com.sun.org.apache.xerces.internal.dom.CoreDocumentImpl.isKidOK(Lorg/w3c/dom/Node;Lorg/w3c/dom/Node;)Z @ 39
Event: 1282.298 Thread 0x000000001fdeb000 Uncommon trap: reason=bimorphic action=maybe_recompile pc=0x00000000053434c8 method=com.sun.org.apache.xerces.internal.dom.ElementImpl.getAttributes()Lorg/w3c/dom/NamedNodeMap; @ 8
Event: 1282.312 Thread 0x000000001fdeb000 Uncommon trap: reason=bimorphic action=maybe_recompile pc=0x00000000053434c8 method=com.sun.org.apache.xerces.internal.dom.ElementImpl.getAttributes()Lorg/w3c/dom/NamedNodeMap; @ 8
Event: 1282.313 Thread 0x000000001fdeb000 Uncommon trap: reason=bimorphic action=maybe_recompile pc=0x00000000053434c8 method=com.sun.org.apache.xerces.internal.dom.ElementImpl.getAttributes()Lorg/w3c/dom/NamedNodeMap; @ 8
Event: 1282.313 Thread 0x000000001fdeb000 Uncommon trap: reason=bimorphic action=maybe_recompile pc=0x00000000053434c8 method=com.sun.org.apache.xerces.internal.dom.ElementImpl.getAttributes()Lorg/w3c/dom/NamedNodeMap; @ 8
Event: 1282.353 Thread 0x000000001fdeb000 Uncommon trap: reason=null_check action=make_not_entrant pc=0x0000000005bcdc68 method=com.sun.org.apache.xerces.internal.dom.NamedNodeMapImpl.findNamePoint(Ljava/lang/String;Ljava/lang/String;)I @ 105
Event: 1282.471 Thread 0x000000001fdeb000 Uncommon trap: reason=class_check action=maybe_recompile pc=0x00000000055a42e8 method=java.io.Writer.append(Ljava/lang/CharSequence;)Ljava/io/Writer; @ 20
Event: 1300.039 Thread 0x000000001fdeb000 Uncommon trap: reason=class_check action=maybe_recompile pc=0x00000000036c4174 method=java.util.WeakHashMap.eq(Ljava/lang/Object;Ljava/lang/Object;)Z @ 7
Event: 1303.535 Thread 0x000000001ba4f800 Uncommon trap: reason=unstable_if action=reinterpret pc=0x0000000005a77524 method=com.android.tools.r8.graph.Z.e()Ljava/util/List; @ 46

Classes redefined (0 events):
No events

Internal exceptions (10 events):
Event: 1302.511 Thread 0x000000001fdeb000 Exception <a 'sun/nio/fs/WindowsException'> (0x00000000e3103f88) thrown at [C:\src\AOSP-openjdk-git\hotspot\src\share\vm\prims\jni.cpp, line 710]
Event: 1302.511 Thread 0x000000001fdeb000 Exception <a 'sun/nio/fs/WindowsException'> (0x00000000e3105858) thrown at [C:\src\AOSP-openjdk-git\hotspot\src\share\vm\prims\jni.cpp, line 710]
Event: 1302.525 Thread 0x000000001fdeb000 Exception <a 'sun/nio/fs/WindowsException'> (0x00000000e317f938) thrown at [C:\src\AOSP-openjdk-git\hotspot\src\share\vm\prims\jni.cpp, line 710]
Event: 1302.525 Thread 0x000000001fdeb000 Exception <a 'sun/nio/fs/WindowsException'> (0x00000000e31811e8) thrown at [C:\src\AOSP-openjdk-git\hotspot\src\share\vm\prims\jni.cpp, line 710]
Event: 1302.727 Thread 0x000000001ba58800 Exception <a 'sun/nio/fs/WindowsException'> (0x00000000e45b51d8) thrown at [C:\src\AOSP-openjdk-git\hotspot\src\share\vm\prims\jni.cpp, line 710]
Event: 1302.961 Thread 0x000000001ba58800 Exception <a 'sun/nio/fs/WindowsException'> (0x00000000e4df5b88) thrown at [C:\src\AOSP-openjdk-git\hotspot\src\share\vm\prims\jni.cpp, line 710]
Event: 1302.964 Thread 0x000000001ba58800 Exception <a 'sun/nio/fs/WindowsException'> (0x00000000e4dff720) thrown at [C:\src\AOSP-openjdk-git\hotspot\src\share\vm\prims\jni.cpp, line 710]
Event: 1302.967 Thread 0x000000001ba58800 Exception <a 'sun/nio/fs/WindowsException'> (0x00000000e4e077f8) thrown at [C:\src\AOSP-openjdk-git\hotspot\src\share\vm\prims\jni.cpp, line 710]
Event: 1302.969 Thread 0x000000001ba58800 Exception <a 'sun/nio/fs/WindowsException'> (0x00000000e4f0f798) thrown at [C:\src\AOSP-openjdk-git\hotspot\src\share\vm\prims\jni.cpp, line 710]
Event: 1303.066 Thread 0x000000001ba4f800 Exception <a 'sun/nio/fs/WindowsException'> (0x00000000e5002ca8) thrown at [C:\src\AOSP-openjdk-git\hotspot\src\share\vm\prims\jni.cpp, line 710]

Events (10 events):
Event: 1303.297 Thread 0x0000000017b72000 flushing nmethod 0x00000000053fe210
Event: 1303.303 Thread 0x0000000017b6b800 flushing nmethod 0x000000000593d890
Event: 1303.502 Executing VM operation: RevokeBias
Event: 1303.503 Executing VM operation: RevokeBias done
Event: 1303.535 Thread 0x000000001ba4f800 Uncommon trap: trap_request=0xffffff65 fr.pc=0x0000000005a77524
Event: 1303.535 Executing VM operation: RevokeBias
Event: 1303.535 Executing VM operation: RevokeBias done
Event: 1303.535 Thread 0x000000001ba4f800 DEOPT PACKING pc=0x0000000005a77524 sp=0x000000002c97de30
Event: 1303.535 Thread 0x000000001ba4f800 DEOPT UNPACKING pc=0x0000000002f8557b sp=0x000000002c97ddf8 mode 2
Event: 1303.992 Executing VM operation: ParallelGCFailedAllocation


Dynamic libraries:
0x00007ff7c6d10000 - 0x00007ff7c6d41000 	C:\Program Files\Android\Android Studio\jre\bin\java.exe
0x00007ffa6fbf0000 - 0x00007ffa6fde5000 	C:\Windows\SYSTEM32\ntdll.dll
0x00007ffa6faf0000 - 0x00007ffa6fbad000 	C:\Windows\System32\KERNEL32.DLL
0x00007ffa6d8e0000 - 0x00007ffa6dba9000 	C:\Windows\System32\KERNELBASE.dll
0x00007ffa6f420000 - 0x00007ffa6f4cc000 	C:\Windows\System32\ADVAPI32.dll
0x00007ffa6f370000 - 0x00007ffa6f40e000 	C:\Windows\System32\msvcrt.dll
0x00007ffa6e2a0000 - 0x00007ffa6e33c000 	C:\Windows\System32\sechost.dll
0x00007ffa6e580000 - 0x00007ffa6e6ab000 	C:\Windows\System32\RPCRT4.dll
0x00007ffa6e6b0000 - 0x00007ffa6e850000 	C:\Windows\System32\USER32.dll
0x00007ffa6d490000 - 0x00007ffa6d4b2000 	C:\Windows\System32\win32u.dll
0x00007ffa6e270000 - 0x00007ffa6e29a000 	C:\Windows\System32\GDI32.dll
0x00007ffa6d620000 - 0x00007ffa6d72b000 	C:\Windows\System32\gdi32full.dll
0x00007ffa6dbb0000 - 0x00007ffa6dc4d000 	C:\Windows\System32\msvcp_win.dll
0x00007ffa6d7e0000 - 0x00007ffa6d8e0000 	C:\Windows\System32\ucrtbase.dll
0x00007ffa61390000 - 0x00007ffa6162a000 	C:\Windows\WinSxS\amd64_microsoft.windows.common-controls_6595b64144ccf1df_6.0.19041.844_none_ca00b6081b84eb1d\COMCTL32.dll
0x00007ffa6e8b0000 - 0x00007ffa6e8e0000 	C:\Windows\System32\IMM32.DLL
0x00007ffa6cb00000 - 0x00007ffa6cb36000 	C:\Windows\system32\DriverStore\FileRepository\nvam.inf_amd64_1aae4f19e68d0780\nvinitx.dll
0x00007ffa6caf0000 - 0x00007ffa6cafa000 	C:\Windows\SYSTEM32\VERSION.dll
0x00007ffa6ea10000 - 0x00007ffa6f152000 	C:\Windows\System32\Shell32.dll
0x00007ffa6b440000 - 0x00007ffa6bbd0000 	C:\Windows\SYSTEM32\windows.storage.dll
0x00007ffa6dd30000 - 0x00007ffa6e085000 	C:\Windows\System32\combase.dll
0x00007ffa6cda0000 - 0x00007ffa6cdcc000 	C:\Windows\SYSTEM32\Wldp.dll
0x00007ffa6e160000 - 0x00007ffa6e20e000 	C:\Windows\System32\SHCORE.dll
0x00007ffa6dc50000 - 0x00007ffa6dca5000 	C:\Windows\System32\shlwapi.dll
0x00000000592a0000 - 0x00000000592a6000 	C:\Program Files\NVIDIA Corporation\CoProcManager\_etoured.dll
0x00007ffa63200000 - 0x00007ffa63243000 	C:\Program Files\NVIDIA Corporation\CoProcManager\nvd3d9wrapx.dll
0x00007ffa6f680000 - 0x00007ffa6fae9000 	C:\Windows\System32\SETUPAPI.dll
0x00007ffa6d730000 - 0x00007ffa6d77e000 	C:\Windows\System32\cfgmgr32.dll
0x00007ffa6d3e0000 - 0x00007ffa6d407000 	C:\Windows\System32\bcrypt.dll
0x00007ffa63170000 - 0x00007ffa6319d000 	C:\Program Files\NVIDIA Corporation\CoProcManager\nvdxgiwrapx.dll
0x0000000056e40000 - 0x0000000056f12000 	C:\Program Files\Android\Android Studio\jre\jre\bin\msvcr100.dll
0x0000000057990000 - 0x00000000581db000 	C:\Program Files\Android\Android Studio\jre\jre\bin\server\jvm.dll
0x00007ffa6f410000 - 0x00007ffa6f418000 	C:\Windows\System32\PSAPI.DLL
0x00007ffa520c0000 - 0x00007ffa520c9000 	C:\Windows\SYSTEM32\WSOCK32.dll
0x00007ffa62830000 - 0x00007ffa62857000 	C:\Windows\SYSTEM32\WINMM.dll
0x00007ffa6f160000 - 0x00007ffa6f1cb000 	C:\Windows\System32\WS2_32.dll
0x00007ffa4fd40000 - 0x00007ffa4fd4f000 	C:\Program Files\Android\Android Studio\jre\jre\bin\verify.dll
0x00007ffa44ff0000 - 0x00007ffa45019000 	C:\Program Files\Android\Android Studio\jre\jre\bin\java.dll
0x00007ffa44fd0000 - 0x00007ffa44fe6000 	C:\Program Files\Android\Android Studio\jre\jre\bin\zip.dll
0x00007ffa6d270000 - 0x00007ffa6d28f000 	C:\Windows\SYSTEM32\profapi.dll
0x00007ffa44fb0000 - 0x00007ffa44fca000 	C:\Program Files\Android\Android Studio\jre\jre\bin\net.dll
0x00007ffa6ca60000 - 0x00007ffa6caca000 	C:\Windows\system32\mswsock.dll
0x00007ffa44f90000 - 0x00007ffa44fa3000 	C:\Program Files\Android\Android Studio\jre\jre\bin\nio.dll
0x00007ffa68a20000 - 0x00007ffa68a47000 	C:\Users\Garik Asatryan\.gradle\native\f6784746aeab05261644944871eae4fe03e0ef1612fff0a4a95f87b438bc6780\windows-amd64\native-platform.dll
0x00007ffa4d600000 - 0x00007ffa4d60d000 	C:\Program Files\Android\Android Studio\jre\jre\bin\management.dll
0x00007ffa6cc80000 - 0x00007ffa6cc98000 	C:\Windows\SYSTEM32\CRYPTSP.dll
0x00007ffa6c3a0000 - 0x00007ffa6c3d4000 	C:\Windows\system32\rsaenh.dll
0x00007ffa6d1f0000 - 0x00007ffa6d21e000 	C:\Windows\SYSTEM32\USERENV.dll
0x00007ffa6d410000 - 0x00007ffa6d490000 	C:\Windows\System32\bcryptprimitives.dll
0x00007ffa6cca0000 - 0x00007ffa6ccac000 	C:\Windows\SYSTEM32\CRYPTBASE.dll
0x00007ffa6c750000 - 0x00007ffa6c78b000 	C:\Windows\SYSTEM32\IPHLPAPI.DLL
0x00007ffa6f5f0000 - 0x00007ffa6f5f8000 	C:\Windows\System32\NSI.dll
0x00007ffa62f50000 - 0x00007ffa62f67000 	C:\Windows\SYSTEM32\dhcpcsvc6.DLL
0x00007ffa64230000 - 0x00007ffa6424d000 	C:\Windows\SYSTEM32\dhcpcsvc.DLL
0x00007ffa6c790000 - 0x00007ffa6c85b000 	C:\Windows\SYSTEM32\DNSAPI.dll
0x00007ffa66aa0000 - 0x00007ffa66aab000 	C:\Windows\SYSTEM32\WINNSI.DLL
0x00007ffa66d60000 - 0x00007ffa66d7e000 	C:\Users\Garik Asatryan\AppData\Local\Temp\native-platform708839029784778152dir\native-platform.dll
0x00007ffa5a820000 - 0x00007ffa5aa04000 	C:\Windows\SYSTEM32\dbghelp.dll

VM Arguments:
jvm_args: -Xmx2048m -Dfile.encoding=UTF-8 -Duser.country=US -Duser.language=en -Duser.variant 
java_command: org.gradle.launcher.daemon.bootstrap.GradleDaemon 6.5
java_class_path (initial): C:\Users\Garik Asatryan\.gradle\wrapper\dists\gradle-6.5-bin\6nifqtx7604sqp1q6g8wikw7p\gradle-6.5\lib\gradle-launcher-6.5.jar
Launcher Type: SUN_STANDARD

Environment Variables:
PATH=C:\Windows\system32;C:\Windows;C:\Windows\System32\Wbem;C:\Windows\System32\WindowsPowerShell\v1.0\;C:\Windows\System32\OpenSSH\;C:\Program Files\Git\cmd;C:\Users\Garik Asatryan\AppData\Local\Microsoft\WindowsApps;
USERNAME=Garik Asatryan
OS=Windows_NT
PROCESSOR_IDENTIFIER=Intel64 Family 6 Model 42 Stepping 7, GenuineIntel



---------------  S Y S T E M  ---------------

OS: Windows 10.0 , 64 bit Build 19041 (10.0.19041.804)

CPU:total 4 (initial active 4) (2 cores per cpu, 2 threads per core) family 6 model 42 stepping 7, cmov, cx8, fxsr, mmx, sse, sse2, sse3, ssse3, sse4.1, sse4.2, popcnt, avx, clmul, ht, tsc, tscinvbit

Memory: 4k page, physical 4102856k(230492k free), swap 7435232k(890780k free)

vm_info: OpenJDK 64-Bit Server VM (25.242-b01) for windows-amd64 JRE (1.8.0_242-release-1644-b01), built by "builder" with MS VC++ 10.0 (VS2010)

time: Thu Apr 08 22:03:45 2021
timezone: Russia TZ 2 Standard Time
elapsed time: 1305 seconds (0d 0h 21m 45s)

